<?xml version="1.0" encoding="UTF-8"?>
<!-- Generated by org.testng.reporters.JUnitXMLReporter -->
<testsuite ignored="1" hostname="Admin" failures="0" tests="1" name="OperaTest" time="99.548" errors="0" timestamp="2023-03-25T18:10:19 IST">
  <testcase classname="testNg_pack.TesNgClass2" name="@BeforeTest beforetest" time="20.494">
    <failure type="org.openqa.selenium.SessionNotCreatedException" message="Could not start a new session. Possible causes are invalid address of the remote server or browser start-up failure.">
      <![CDATA[org.openqa.selenium.SessionNotCreatedException: Could not start a new session. Possible causes are invalid address of the remote server or browser start-up failure.
at org.openqa.selenium.remote.RemoteWebDriver.execute(RemoteWebDriver.java:577)
at org.openqa.selenium.remote.RemoteWebDriver.startSession(RemoteWebDriver.java:246)
at org.openqa.selenium.ie.InternetExplorerDriver.run(InternetExplorerDriver.java:186)
at org.openqa.selenium.ie.InternetExplorerDriver.<init>(InternetExplorerDriver.java:178)
at org.openqa.selenium.ie.InternetExplorerDriver.<init>(InternetExplorerDriver.java:142)
at testNg_pack.TesNgClass2.beforetest(TesNgClass2.java:68)
at java.base/java.util.concurrent.FutureTask.run(FutureTask.java:264)
at java.base/java.util.concurrent.ThreadPoolExecutor.runWorker(ThreadPoolExecutor.java:1136)
at java.base/java.util.concurrent.ThreadPoolExecutor$Worker.run(ThreadPoolExecutor.java:635)
at java.base/java.lang.Thread.run(Thread.java:833)
Caused by: org.openqa.selenium.WebDriverException: Timed out waiting for driver server to start.
Build info: version: '4.0.0', revision: '3a21814679'
System info: host: 'ADMIN', ip: '192.168.0.100', os.name: 'Windows 8.1', os.arch: 'amd64', os.version: '6.3', java.version: '17.0.5'
Driver info: driver.version: InternetExplorerDriver
at org.openqa.selenium.remote.service.DriverService.start(DriverService.java:227)
at org.openqa.selenium.remote.service.DriverCommandExecutor.execute(DriverCommandExecutor.java:95)
at org.openqa.selenium.remote.RemoteWebDriver.execute(RemoteWebDriver.java:559)
... 24 more
Caused by: java.util.concurrent.ExecutionException: org.openqa.selenium.WebDriverException: Timed out waiting for driver server to start.
Build info: version: '4.0.0', revision: '3a21814679'
System info: host: 'ADMIN', ip: '192.168.0.100', os.name: 'Windows 8.1', os.arch: 'amd64', os.version: '6.3', java.version: '17.0.5'
Driver info: driver.version: unknown
at java.base/java.util.concurrent.CompletableFuture.reportGet(CompletableFuture.java:396)
at java.base/java.util.concurrent.CompletableFuture.get(CompletableFuture.java:2096)
at org.openqa.selenium.remote.service.DriverService.start(DriverService.java:217)
... 26 more
Caused by: org.openqa.selenium.WebDriverException: Timed out waiting for driver server to start.
Build info: version: '4.0.0', revision: '3a21814679'
System info: host: 'ADMIN', ip: '192.168.0.100', os.name: 'Windows 8.1', os.arch: 'amd64', os.version: '6.3', java.version: '17.0.5'
Driver info: driver.version: unknown
at org.openqa.selenium.remote.service.DriverService.waitUntilAvailable(DriverService.java:248)
at org.openqa.selenium.remote.service.DriverService.lambda$start$1(DriverService.java:202)
at java.base/java.util.concurrent.CompletableFuture$AsyncSupply.run(CompletableFuture.java:1768)
... 3 more
Caused by: org.openqa.selenium.net.UrlChecker$TimeoutException: Timed out waiting for [http://localhost:50052/status] to be available after 20001 ms
at org.openqa.selenium.net.UrlChecker.waitUntilAvailable(UrlChecker.java:89)
at org.openqa.selenium.remote.service.DriverService.waitUntilAvailable(DriverService.java:244)
... 5 more
Caused by: java.util.concurrent.TimeoutException
at java.base/java.util.concurrent.FutureTask.get(FutureTask.java:204)
at org.openqa.selenium.net.UrlChecker.waitUntilAvailable(UrlChecker.java:87)
... 6 more
... Removed 15 stack frames]]>
    </failure>
  </testcase> <!-- @BeforeTest beforetest -->
  <testcase classname="testNg_pack.TesNgClass2" name="@BeforeClass beforeclass" time="-1.679748016462E9">
    <skipped/>
  </testcase> <!-- @BeforeClass beforeclass -->
  <testcase classname="testNg_pack.TesNgClass2" name="@BeforeMethod beforemethod" time="-1.679748016467E9">
    <skipped/>
  </testcase> <!-- @BeforeMethod beforemethod -->
  <testcase classname="testNg_pack.TesNgClass2" name="@AfterMethod aftermethod" time="-1.679748016475E9">
    <skipped/>
  </testcase> <!-- @AfterMethod aftermethod -->
  <testcase classname="testNg_pack.TesNgClass2" name="@AfterClass afterclass" time="-1.679748016479E9">
    <skipped/>
  </testcase> <!-- @AfterClass afterclass -->
  <testcase classname="testNg_pack.TesNgClass2" name="@AfterTest aftertest" time="-1.679748016483E9">
    <skipped/>
  </testcase> <!-- @AfterTest aftertest -->
  <testcase classname="testNg_pack.TesNgClass2" name="@BeforeTest beforetest" time="99.498">
    <failure type="org.openqa.selenium.SessionNotCreatedException" message="Could not start a new session. session not created: This version of OperaDriver only supports Opera version 111
Current browser version is 109.0.5414.120 with binary path C:\Users\Om\AppData\Local\Programs\Opera\95.0.4635.80\opera.exe
  (Driver info: operadriver=111.0.5563.65 (e4830ceddc221b83dbca59c8d293ee9fd44ee868-refs/branch-heads/5563@{#996}),platform=Windows NT 6.3.9600 x86_64) (WARNING: The server did not provide any stacktrace information)
Command duration or timeout: 89.73 seconds
Build info: version: &amp;apos;4.0.0&amp;apos;, revision: &amp;apos;3a21814679&amp;apos;
System info: host: &amp;apos;ADMIN&amp;apos;, ip: &amp;apos;192.168.0.100&amp;apos;, os.name: &amp;apos;Windows 8.1&amp;apos;, os.arch: &amp;apos;amd64&amp;apos;, os.version: &amp;apos;6.3&amp;apos;, java.version: &amp;apos;17.0.5&amp;apos;
Driver info: org.openqa.selenium.opera.OperaDriver
Command: [null, newSession {capabilities=[Capabilities {browserName: opera}], desiredCapabilities=Capabilities {browserName: opera, operaOptions: {args: [], extensions: []}}}]
Capabilities {}">
      <![CDATA[org.openqa.selenium.SessionNotCreatedException: Could not start a new session. session not created: This version of OperaDriver only supports Opera version 111
Current browser version is 109.0.5414.120 with binary path C:\Users\Om\AppData\Local\Programs\Opera\95.0.4635.80\opera.exe
  (Driver info: operadriver=111.0.5563.65 (e4830ceddc221b83dbca59c8d293ee9fd44ee868-refs/branch-heads/5563@{#996}),platform=Windows NT 6.3.9600 x86_64) (WARNING: The server did not provide any stacktrace information)
Command duration or timeout: 89.73 seconds
Build info: version: '4.0.0', revision: '3a21814679'
System info: host: 'ADMIN', ip: '192.168.0.100', os.name: 'Windows 8.1', os.arch: 'amd64', os.version: '6.3', java.version: '17.0.5'
Driver info: org.openqa.selenium.opera.OperaDriver
Command: [null, newSession {capabilities=[Capabilities {browserName: opera}], desiredCapabilities=Capabilities {browserName: opera, operaOptions: {args: [], extensions: []}}}]
Capabilities {}
at org.openqa.selenium.remote.ErrorHandler.createThrowable(ErrorHandler.java:217)
at org.openqa.selenium.remote.ErrorHandler.throwIfResponseFailed(ErrorHandler.java:169)
at org.openqa.selenium.remote.JsonWireProtocolResponse.lambda$errorHandler$0(JsonWireProtocolResponse.java:54)
at org.openqa.selenium.remote.HandshakeResponse.lambda$getResponseFunction$0(HandshakeResponse.java:30)
at org.openqa.selenium.remote.ProtocolHandshake.lambda$createSession$1(ProtocolHandshake.java:133)
at java.base/java.util.stream.ReferencePipeline$3$1.accept(ReferencePipeline.java:197)
at java.base/java.util.Spliterators$ArraySpliterator.tryAdvance(Spliterators.java:1002)
at java.base/java.util.stream.ReferencePipeline.forEachWithCancel(ReferencePipeline.java:129)
at java.base/java.util.stream.AbstractPipeline.copyIntoWithCancel(AbstractPipeline.java:527)
at java.base/java.util.stream.AbstractPipeline.copyInto(AbstractPipeline.java:513)
at java.base/java.util.stream.AbstractPipeline.wrapAndCopyInto(AbstractPipeline.java:499)
at java.base/java.util.stream.FindOps$FindOp.evaluateSequential(FindOps.java:150)
at java.base/java.util.stream.AbstractPipeline.evaluate(AbstractPipeline.java:234)
at java.base/java.util.stream.ReferencePipeline.findFirst(ReferencePipeline.java:647)
at org.openqa.selenium.remote.ProtocolHandshake.createSession(ProtocolHandshake.java:135)
at org.openqa.selenium.remote.ProtocolHandshake.createSession(ProtocolHandshake.java:84)
at org.openqa.selenium.remote.ProtocolHandshake.createSession(ProtocolHandshake.java:62)
at org.openqa.selenium.remote.HttpCommandExecutor.execute(HttpCommandExecutor.java:156)
at org.openqa.selenium.remote.service.DriverCommandExecutor.invokeExecute(DriverCommandExecutor.java:164)
at org.openqa.selenium.remote.service.DriverCommandExecutor.execute(DriverCommandExecutor.java:139)
at org.openqa.selenium.remote.RemoteWebDriver.execute(RemoteWebDriver.java:559)
at org.openqa.selenium.remote.RemoteWebDriver.startSession(RemoteWebDriver.java:246)
at org.openqa.selenium.remote.RemoteWebDriver.<init>(RemoteWebDriver.java:168)
at org.openqa.selenium.opera.OperaDriver.<init>(OperaDriver.java:111)
at org.openqa.selenium.opera.OperaDriver.<init>(OperaDriver.java:98)
at org.openqa.selenium.opera.OperaDriver.<init>(OperaDriver.java:53)
at testNg_pack.TesNgClass2.beforetest(TesNgClass2.java:63)
at java.base/java.util.concurrent.FutureTask.run(FutureTask.java:264)
at java.base/java.util.concurrent.ThreadPoolExecutor.runWorker(ThreadPoolExecutor.java:1136)
at java.base/java.util.concurrent.ThreadPoolExecutor$Worker.run(ThreadPoolExecutor.java:635)
at java.base/java.lang.Thread.run(Thread.java:833)
... Removed 20 stack frames]]>
    </failure>
  </testcase> <!-- @BeforeTest beforetest -->
  <testcase classname="testNg_pack.TesNgClass2" name="@BeforeClass beforeclass" time="-1.679748019821E9">
    <skipped/>
  </testcase> <!-- @BeforeClass beforeclass -->
  <testcase classname="testNg_pack.TesNgClass2" name="@BeforeMethod beforemethod" time="-1.679748019826E9">
    <skipped/>
  </testcase> <!-- @BeforeMethod beforemethod -->
  <testcase classname="testNg_pack.TesNgClass2" name="@AfterMethod aftermethod" time="-1.67974801984E9">
    <skipped/>
  </testcase> <!-- @AfterMethod aftermethod -->
  <testcase classname="testNg_pack.TesNgClass2" name="@AfterClass afterclass" time="-1.679748019844E9">
    <skipped/>
  </testcase> <!-- @AfterClass afterclass -->
  <testcase classname="testNg_pack.TesNgClass2" name="@AfterTest aftertest" time="-1.67974801985E9">
    <skipped/>
  </testcase> <!-- @AfterTest aftertest -->
  <testcase classname="testNg_pack.TesNgClass2" name="testA" time="0.0">
    <skipped/>
  </testcase> <!-- testA -->
  <testcase classname="testNg_pack.TesNgClass2" name="testB" time="0.0">
    <ignored/>
  </testcase> <!-- testB -->
</testsuite> <!-- OperaTest -->
