<?xml version="1.0" encoding="UTF-8"?>
<!-- Generated by org.testng.reporters.JUnitXMLReporter -->
<testsuite ignored="2" hostname="Admin" failures="2" tests="4" name="Test" time="89.052" errors="0" timestamp="2023-03-22T20:10:54 IST">
  <testcase classname="testNg_pack.TesNgClass2" name="testA" time="4.223"/>
  <testcase classname="testNg_pack.TestNgClass1" name="test2" time="6.325"/>
  <testcase classname="testNg_pack.TestNgClass1" name="test1" time="9.178">
    <failure type="java.lang.AssertionError" message="The following asserts failed:
	expected [https://www.ebay.com/sch/i.html?_from=R40&amp;amp;_nkw=toys&amp;amp;_sacat=0&amp;amp;rt=nc&amp;amp;LH_BO=] but found [https://www.ebay.com/sch/i.html?_from=R40&amp;amp;_nkw=toys&amp;amp;_sacat=0&amp;amp;rt=nc&amp;amp;LH_BO=1]">
      <![CDATA[java.lang.AssertionError: The following asserts failed:
expected [https://www.ebay.com/sch/i.html?_from=R40&_nkw=toys&_sacat=0&rt=nc&LH_BO=] but found [https://www.ebay.com/sch/i.html?_from=R40&_nkw=toys&_sacat=0&rt=nc&LH_BO=1]
at testNg_pack.TestNgClass1.test1(TestNgClass1.java:93)
at java.base/java.util.ArrayList.forEach(ArrayList.java:1511)
... Removed 29 stack frames]]>
    </failure>
  </testcase> <!-- test1 -->
  <testcase classname="testNg_pack.TestNgClass1" name="test1" time="6.239">
    <failure type="java.lang.AssertionError" message="The following asserts failed:
	expected [https://www.ebay.com/sch/i.html?_from=R40&amp;amp;_nkw=toys&amp;amp;_sacat=0&amp;amp;rt=nc&amp;amp;LH_BO=] but found [https://www.ebay.com/sch/i.html?_from=R40&amp;amp;_nkw=toys&amp;amp;_sacat=0&amp;amp;rt=nc&amp;amp;LH_BO=1]">
      <![CDATA[java.lang.AssertionError: The following asserts failed:
expected [https://www.ebay.com/sch/i.html?_from=R40&_nkw=toys&_sacat=0&rt=nc&LH_BO=] but found [https://www.ebay.com/sch/i.html?_from=R40&_nkw=toys&_sacat=0&rt=nc&LH_BO=1]
at testNg_pack.TestNgClass1.test1(TestNgClass1.java:93)
at java.base/java.util.ArrayList.forEach(ArrayList.java:1511)
... Removed 29 stack frames]]>
    </failure>
  </testcase> <!-- test1 -->
  <testcase classname="testNg_pack.TesNgClass2" name="testB" time="0.0">
    <ignored/>
  </testcase> <!-- testB -->
  <testcase classname="testNg_pack.TestNgClass1" name="test3" time="0.0">
    <ignored/>
  </testcase> <!-- test3 -->
</testsuite> <!-- Test -->
